<?xml version="1.0" encoding="UTF-8"?>
<!-- Generated by org.testng.reporters.JUnitReportReporter -->
<testsuite skipped="0" hostname="LAPTOP-RS5HUEUG" name="runner.RunCukes$Runner" tests="1" failures="0" timestamp="05 Aug 2021 07:14:04 GMT" time="0.016" errors="0">
  <testcase name="test" time="0.016" classname="runner.RunCukes$Runner"/>
</testsuite> <!-- runner.RunCukes$Runner -->
